TpTrace Verbose: 0 : 13004, 1, 2022/12/29, 17:44:03.399, 19862950042, vstest.console.dll, Version: 17.1.0-release-20220113-05
TpTrace Information: 0 : 13004, 1, 2022/12/29, 17:44:03.421, 19863101720, vstest.console.dll, FilePatternParser: The given file D:\Programming\C#\univer\WebAppNews\WebNewsAppDal.Tests\bin\Debug\net472\fine-code-coverage\build-output\WebNewsAppDal.Tests.dll is a full path.
TpTrace Verbose: 0 : 13004, 1, 2022/12/29, 17:44:03.430, 19863194039, vstest.console.dll, TestPluginCache.DiscoverTestExtensions: finding test extensions in assemblies ends with: RuntimeProvider.dll TPluginInfo: Microsoft.VisualStudio.TestPlatform.Common.ExtensionFramework.Utilities.TestRuntimePluginInformation TExtension: Microsoft.VisualStudio.TestPlatform.ObjectModel.Host.ITestRuntimeProvider
TpTrace Verbose: 0 : 13004, 1, 2022/12/29, 17:44:03.432, 19863212771, vstest.console.dll, TestPluginCache.GetExtensionPaths: Filtered extension paths: 
TpTrace Verbose: 0 : 13004, 1, 2022/12/29, 17:44:03.432, 19863215027, vstest.console.dll, TestPluginCache.GetExtensionPaths: Added default extension paths: C:\Program Files\dotnet\sdk\6.0.201\Extensions\DumpMinitool.exe
C:\Program Files\dotnet\sdk\6.0.201\Extensions\DumpMinitool.x86.exe
C:\Program Files\dotnet\sdk\6.0.201\Extensions\Microsoft.Diagnostics.NETCore.Client.dll
C:\Program Files\dotnet\sdk\6.0.201\Extensions\Microsoft.TestPlatform.Extensions.BlameDataCollector.dll
C:\Program Files\dotnet\sdk\6.0.201\Extensions\Microsoft.TestPlatform.Extensions.EventLogCollector.dll
C:\Program Files\dotnet\sdk\6.0.201\Extensions\Microsoft.TestPlatform.TestHostRuntimeProvider.dll
C:\Program Files\dotnet\sdk\6.0.201\Extensions\Microsoft.VisualStudio.TestPlatform.Extensions.Html.TestLogger.dll
C:\Program Files\dotnet\sdk\6.0.201\Extensions\Microsoft.VisualStudio.TestPlatform.Extensions.Trx.TestLogger.dll
TpTrace Verbose: 0 : 13004, 1, 2022/12/29, 17:44:03.432, 19863216040, vstest.console.dll, TestPluginCache.GetExtensionPaths: Added unfilterableExtensionPaths: 
TpTrace Information: 0 : 13004, 1, 2022/12/29, 17:44:03.434, 19863231742, vstest.console.dll, AssemblyResolver.ctor: Creating AssemblyResolver with searchDirectories C:\Program Files\dotnet\sdk\6.0.201\Extensions,C:\Program Files\dotnet\sdk\6.0.201
TpTrace Verbose: 0 : 13004, 1, 2022/12/29, 17:44:03.435, 19863244868, vstest.console.dll, TestPluginCache.DiscoverTestExtensions: Discovering the extensions using extension path.
TpTrace Verbose: 0 : 13004, 1, 2022/12/29, 17:44:03.435, 19863247117, vstest.console.dll, TestPluginCache.GetExtensionPaths: Filtered extension paths: 
TpTrace Verbose: 0 : 13004, 1, 2022/12/29, 17:44:03.435, 19863247892, vstest.console.dll, TestPluginCache.GetExtensionPaths: Added default extension paths: C:\Program Files\dotnet\sdk\6.0.201\Extensions\DumpMinitool.exe
C:\Program Files\dotnet\sdk\6.0.201\Extensions\DumpMinitool.x86.exe
C:\Program Files\dotnet\sdk\6.0.201\Extensions\Microsoft.Diagnostics.NETCore.Client.dll
C:\Program Files\dotnet\sdk\6.0.201\Extensions\Microsoft.TestPlatform.Extensions.BlameDataCollector.dll
C:\Program Files\dotnet\sdk\6.0.201\Extensions\Microsoft.TestPlatform.Extensions.EventLogCollector.dll
C:\Program Files\dotnet\sdk\6.0.201\Extensions\Microsoft.TestPlatform.TestHostRuntimeProvider.dll
C:\Program Files\dotnet\sdk\6.0.201\Extensions\Microsoft.VisualStudio.TestPlatform.Extensions.Html.TestLogger.dll
C:\Program Files\dotnet\sdk\6.0.201\Extensions\Microsoft.VisualStudio.TestPlatform.Extensions.Trx.TestLogger.dll
TpTrace Verbose: 0 : 13004, 1, 2022/12/29, 17:44:03.435, 19863248525, vstest.console.dll, TestPluginCache.GetExtensionPaths: Added unfilterableExtensionPaths: 
TpTrace Verbose: 0 : 13004, 1, 2022/12/29, 17:44:03.436, 19863249704, vstest.console.dll, TestPluginCache.DiscoverTestExtensions: Discovering the extensions using allExtensionPaths: C:\Program Files\dotnet\sdk\6.0.201\Extensions\DumpMinitool.exe
C:\Program Files\dotnet\sdk\6.0.201\Extensions\DumpMinitool.x86.exe
C:\Program Files\dotnet\sdk\6.0.201\Extensions\Microsoft.Diagnostics.NETCore.Client.dll
C:\Program Files\dotnet\sdk\6.0.201\Extensions\Microsoft.TestPlatform.Extensions.BlameDataCollector.dll
C:\Program Files\dotnet\sdk\6.0.201\Extensions\Microsoft.TestPlatform.Extensions.EventLogCollector.dll
C:\Program Files\dotnet\sdk\6.0.201\Extensions\Microsoft.TestPlatform.TestHostRuntimeProvider.dll
C:\Program Files\dotnet\sdk\6.0.201\Extensions\Microsoft.VisualStudio.TestPlatform.Extensions.Html.TestLogger.dll
C:\Program Files\dotnet\sdk\6.0.201\Extensions\Microsoft.VisualStudio.TestPlatform.Extensions.Trx.TestLogger.dll
TpTrace Information: 0 : 13004, 1, 2022/12/29, 17:44:03.436, 19863252484, vstest.console.dll, AssemblyResolver.AddSearchDirectories: Adding more searchDirectories C:\Program Files\dotnet\sdk\6.0.201\Extensions,C:\Program Files\dotnet\sdk\6.0.201
TpTrace Information: 0 : 13004, 1, 2022/12/29, 17:44:03.436, 19863253520, vstest.console.dll, AssemblyResolver.AddSearchDirectories: Adding more searchDirectories C:\Program Files\dotnet\sdk\6.0.201\Extensions,C:\Program Files\dotnet\sdk\6.0.201
TpTrace Information: 0 : 13004, 1, 2022/12/29, 17:44:03.436, 19863254111, vstest.console.dll, AssemblyResolver.AddSearchDirectories: Adding more searchDirectories C:\Program Files\dotnet\sdk\6.0.201\Extensions,C:\Program Files\dotnet\sdk\6.0.201
TpTrace Information: 0 : 13004, 1, 2022/12/29, 17:44:03.436, 19863254710, vstest.console.dll, AssemblyResolver.AddSearchDirectories: Adding more searchDirectories C:\Program Files\dotnet\sdk\6.0.201\Extensions,C:\Program Files\dotnet\sdk\6.0.201
TpTrace Information: 0 : 13004, 1, 2022/12/29, 17:44:03.436, 19863255202, vstest.console.dll, AssemblyResolver.AddSearchDirectories: Adding more searchDirectories C:\Program Files\dotnet\sdk\6.0.201\Extensions,C:\Program Files\dotnet\sdk\6.0.201
TpTrace Information: 0 : 13004, 1, 2022/12/29, 17:44:03.436, 19863255694, vstest.console.dll, AssemblyResolver.AddSearchDirectories: Adding more searchDirectories C:\Program Files\dotnet\sdk\6.0.201\Extensions,C:\Program Files\dotnet\sdk\6.0.201
TpTrace Information: 0 : 13004, 1, 2022/12/29, 17:44:03.436, 19863256274, vstest.console.dll, AssemblyResolver.AddSearchDirectories: Adding more searchDirectories C:\Program Files\dotnet\sdk\6.0.201\Extensions,C:\Program Files\dotnet\sdk\6.0.201
TpTrace Information: 0 : 13004, 1, 2022/12/29, 17:44:03.436, 19863256774, vstest.console.dll, AssemblyResolver.AddSearchDirectories: Adding more searchDirectories C:\Program Files\dotnet\sdk\6.0.201\Extensions,C:\Program Files\dotnet\sdk\6.0.201
TpTrace Information: 0 : 13004, 1, 2022/12/29, 17:44:03.437, 19863262659, vstest.console.dll, AssemblyResolver.OnResolve: DumpMinitool: Resolving assembly.
TpTrace Information: 0 : 13004, 1, 2022/12/29, 17:44:03.437, 19863263896, vstest.console.dll, AssemblyResolver.OnResolve: DumpMinitool: Searching in: 'C:\Program Files\dotnet\sdk\6.0.201\Extensions'.
TpTrace Information: 0 : 13004, 1, 2022/12/29, 17:44:03.437, 19863265498, vstest.console.dll, AssemblyResolver.OnResolve: DumpMinitool: Assembly path does not exist: 'C:\Program Files\dotnet\sdk\6.0.201\Extensions\DumpMinitool.dll', returning.
TpTrace Information: 0 : 13004, 1, 2022/12/29, 17:44:03.438, 19863270873, vstest.console.dll, AssemblyResolver.OnResolve: DumpMinitool: Loading assembly 'C:\Program Files\dotnet\sdk\6.0.201\Extensions\DumpMinitool.exe'.
TpTrace Information: 0 : 13004, 1, 2022/12/29, 17:44:03.438, 19863277326, vstest.console.dll, AssemblyResolver.OnResolve: Resolved assembly: DumpMinitool, from path: C:\Program Files\dotnet\sdk\6.0.201\Extensions\DumpMinitool.exe
TpTrace Information: 0 : 13004, 1, 2022/12/29, 17:44:03.447, 19863360423, vstest.console.dll, AssemblyResolver.OnResolve: DumpMinitool.x86: Resolving assembly.
TpTrace Information: 0 : 13004, 1, 2022/12/29, 17:44:03.447, 19863361708, vstest.console.dll, AssemblyResolver.OnResolve: DumpMinitool.x86: Searching in: 'C:\Program Files\dotnet\sdk\6.0.201\Extensions'.
TpTrace Information: 0 : 13004, 1, 2022/12/29, 17:44:03.447, 19863362859, vstest.console.dll, AssemblyResolver.OnResolve: DumpMinitool.x86: Assembly path does not exist: 'C:\Program Files\dotnet\sdk\6.0.201\Extensions\DumpMinitool.x86.dll', returning.
TpTrace Information: 0 : 13004, 1, 2022/12/29, 17:44:03.447, 19863366971, vstest.console.dll, AssemblyResolver.OnResolve: DumpMinitool.x86: Loading assembly 'C:\Program Files\dotnet\sdk\6.0.201\Extensions\DumpMinitool.x86.exe'.
TpTrace Information: 0 : 13004, 1, 2022/12/29, 17:44:03.448, 19863372070, vstest.console.dll, AssemblyResolver.OnResolve: Resolved assembly: DumpMinitool.x86, from path: C:\Program Files\dotnet\sdk\6.0.201\Extensions\DumpMinitool.x86.exe
TpTrace Information: 0 : 13004, 1, 2022/12/29, 17:44:03.448, 19863378782, vstest.console.dll, AssemblyResolver.OnResolve: Microsoft.Diagnostics.NETCore.Client: Resolving assembly.
TpTrace Information: 0 : 13004, 1, 2022/12/29, 17:44:03.449, 19863380143, vstest.console.dll, AssemblyResolver.OnResolve: Microsoft.Diagnostics.NETCore.Client: Searching in: 'C:\Program Files\dotnet\sdk\6.0.201\Extensions'.
TpTrace Information: 0 : 13004, 1, 2022/12/29, 17:44:03.449, 19863384177, vstest.console.dll, AssemblyResolver.OnResolve: Microsoft.Diagnostics.NETCore.Client: Loading assembly 'C:\Program Files\dotnet\sdk\6.0.201\Extensions\Microsoft.Diagnostics.NETCore.Client.dll'.
TpTrace Information: 0 : 13004, 1, 2022/12/29, 17:44:03.450, 19863390377, vstest.console.dll, AssemblyResolver.OnResolve: Resolved assembly: Microsoft.Diagnostics.NETCore.Client, from path: C:\Program Files\dotnet\sdk\6.0.201\Extensions\Microsoft.Diagnostics.NETCore.Client.dll
TpTrace Information: 0 : 13004, 1, 2022/12/29, 17:44:03.454, 19863432011, vstest.console.dll, AssemblyResolver.OnResolve: Microsoft.Bcl.AsyncInterfaces: Resolving assembly.
TpTrace Information: 0 : 13004, 1, 2022/12/29, 17:44:03.454, 19863433442, vstest.console.dll, AssemblyResolver.OnResolve: Microsoft.Bcl.AsyncInterfaces: Searching in: 'C:\Program Files\dotnet\sdk\6.0.201\Extensions'.
TpTrace Information: 0 : 13004, 1, 2022/12/29, 17:44:03.454, 19863434655, vstest.console.dll, AssemblyResolver.OnResolve: Microsoft.Bcl.AsyncInterfaces: Assembly path does not exist: 'C:\Program Files\dotnet\sdk\6.0.201\Extensions\Microsoft.Bcl.AsyncInterfaces.dll', returning.
TpTrace Information: 0 : 13004, 1, 2022/12/29, 17:44:03.454, 19863435745, vstest.console.dll, AssemblyResolver.OnResolve: Microsoft.Bcl.AsyncInterfaces: Assembly path does not exist: 'C:\Program Files\dotnet\sdk\6.0.201\Extensions\Microsoft.Bcl.AsyncInterfaces.exe', returning.
TpTrace Information: 0 : 13004, 1, 2022/12/29, 17:44:03.454, 19863436269, vstest.console.dll, AssemblyResolver.OnResolve: Microsoft.Bcl.AsyncInterfaces: Searching in: 'C:\Program Files\dotnet\sdk\6.0.201'.
TpTrace Information: 0 : 13004, 1, 2022/12/29, 17:44:03.454, 19863437145, vstest.console.dll, AssemblyResolver.OnResolve: Microsoft.Bcl.AsyncInterfaces: Assembly path does not exist: 'C:\Program Files\dotnet\sdk\6.0.201\Microsoft.Bcl.AsyncInterfaces.dll', returning.
TpTrace Information: 0 : 13004, 1, 2022/12/29, 17:44:03.454, 19863438019, vstest.console.dll, AssemblyResolver.OnResolve: Microsoft.Bcl.AsyncInterfaces: Assembly path does not exist: 'C:\Program Files\dotnet\sdk\6.0.201\Microsoft.Bcl.AsyncInterfaces.exe', returning.
TpTrace Information: 0 : 13004, 1, 2022/12/29, 17:44:03.454, 19863438611, vstest.console.dll, AssemblyResolver.OnResolve: Microsoft.Bcl.AsyncInterfaces: Failed to load assembly.
TpTrace Verbose: 0 : 13004, 1, 2022/12/29, 17:44:03.455, 19863439303, vstest.console.dll, CurrentDomainAssemblyResolve: Resolving assembly 'Microsoft.Bcl.AsyncInterfaces'.
TpTrace Information: 0 : 13004, 1, 2022/12/29, 17:44:03.455, 19863440269, vstest.console.dll, AssemblyResolver.OnResolve: Microsoft.Bcl.AsyncInterfaces: Resolving assembly.
TpTrace Information: 0 : 13004, 1, 2022/12/29, 17:44:03.455, 19863440932, vstest.console.dll, AssemblyResolver.OnResolve: Microsoft.Bcl.AsyncInterfaces: Resolved from cache.
TpTrace Verbose: 0 : 13004, 1, 2022/12/29, 17:44:03.455, 19863441448, vstest.console.dll, CurrentDomainAssemblyResolve: Resolving assembly 'Microsoft.Bcl.AsyncInterfaces'.
TpTrace Verbose: 0 : 13004, 1, 2022/12/29, 17:44:03.455, 19863442257, vstest.console.dll, CurrentDomainAssemblyResolve: Failed to resolve assembly 'Microsoft.Bcl.AsyncInterfaces'.
TpTrace Verbose: 0 : 13004, 1, 2022/12/29, 17:44:03.456, 19863449401, vstest.console.dll, CurrentDomainAssemblyResolve: Failed to resolve assembly 'Microsoft.Bcl.AsyncInterfaces'.
TpTrace Warning: 0 : 13004, 1, 2022/12/29, 17:44:03.481, 19863702800, vstest.console.dll, TestPluginDiscoverer: Failed to get types from assembly 'Microsoft.Diagnostics.NETCore.Client, Version=0.2.5.801, Culture=neutral, PublicKeyToken=31bf3856ad364e35'.  Skipping test extension scan for this assembly.  Error: System.Reflection.ReflectionTypeLoadException: Unable to load one or more of the requested types.
Could not load file or assembly 'Microsoft.Bcl.AsyncInterfaces, Version=1.0.0.0, Culture=neutral, PublicKeyToken=cc7b13ffcd2ddd51'. Не удается найти указанный файл.
   at System.Reflection.RuntimeModule.GetTypes(RuntimeModule module)
   at System.Reflection.Assembly.GetTypes()
   at Microsoft.VisualStudio.TestPlatform.Common.ExtensionFramework.TestPluginDiscoverer.GetTestExtensionsFromAssembly[TPluginInfo,TExtension](Assembly assembly, Dictionary`2 pluginInfos)
System.IO.FileNotFoundException: Could not load file or assembly 'Microsoft.Bcl.AsyncInterfaces, Version=1.0.0.0, Culture=neutral, PublicKeyToken=cc7b13ffcd2ddd51'. Не удается найти указанный файл.
File name: 'Microsoft.Bcl.AsyncInterfaces, Version=1.0.0.0, Culture=neutral, PublicKeyToken=cc7b13ffcd2ddd51'
 ---> System.IO.FileNotFoundException: Could not load file or assembly 'Microsoft.Bcl.AsyncInterfaces, Culture=neutral, PublicKeyToken=null'. Не удается найти указанный файл.
File name: 'Microsoft.Bcl.AsyncInterfaces, Culture=neutral, PublicKeyToken=null'
   at System.Reflection.RuntimeAssembly.InternalLoad(ObjectHandleOnStack assemblyName, ObjectHandleOnStack requestingAssembly, StackCrawlMarkHandle stackMark, Boolean throwOnFileNotFound, ObjectHandleOnStack assemblyLoadContext, ObjectHandleOnStack retAssembly)
   at System.Reflection.RuntimeAssembly.InternalLoad(AssemblyName assemblyName, RuntimeAssembly requestingAssembly, StackCrawlMark& stackMark, Boolean throwOnFileNotFound, AssemblyLoadContext assemblyLoadContext)
   at System.Reflection.Assembly.Load(AssemblyName assemblyRef)
   at Microsoft.VisualStudio.TestPlatform.Common.ExtensionFramework.TestPluginCache.CurrentDomainAssemblyResolve(Object sender, AssemblyResolveEventArgs args)
   at Microsoft.VisualStudio.TestPlatform.PlatformAbstractions.PlatformAssemblyResolver.AssemblyResolverEvent(Object sender, Object eventArgs)
   at System.Runtime.Loader.AssemblyLoadContext.GetFirstResolvedAssemblyFromResolvingEvent(AssemblyName assemblyName)
   at System.Runtime.Loader.AssemblyLoadContext.ResolveUsingEvent(AssemblyName assemblyName)
   at System.Runtime.Loader.AssemblyLoadContext.ResolveUsingResolvingEvent(IntPtr gchManagedAssemblyLoadContext, AssemblyName assemblyName)
TpTrace Warning: 0 : 13004, 1, 2022/12/29, 17:44:03.481, 19863706256, vstest.console.dll, LoaderExceptions: System.IO.FileNotFoundException: Could not load file or assembly 'Microsoft.Bcl.AsyncInterfaces, Version=1.0.0.0, Culture=neutral, PublicKeyToken=cc7b13ffcd2ddd51'. Не удается найти указанный файл.
File name: 'Microsoft.Bcl.AsyncInterfaces, Version=1.0.0.0, Culture=neutral, PublicKeyToken=cc7b13ffcd2ddd51'
 ---> System.IO.FileNotFoundException: Could not load file or assembly 'Microsoft.Bcl.AsyncInterfaces, Culture=neutral, PublicKeyToken=null'. Не удается найти указанный файл.
File name: 'Microsoft.Bcl.AsyncInterfaces, Culture=neutral, PublicKeyToken=null'
   at System.Reflection.RuntimeAssembly.InternalLoad(ObjectHandleOnStack assemblyName, ObjectHandleOnStack requestingAssembly, StackCrawlMarkHandle stackMark, Boolean throwOnFileNotFound, ObjectHandleOnStack assemblyLoadContext, ObjectHandleOnStack retAssembly)
   at System.Reflection.RuntimeAssembly.InternalLoad(AssemblyName assemblyName, RuntimeAssembly requestingAssembly, StackCrawlMark& stackMark, Boolean throwOnFileNotFound, AssemblyLoadContext assemblyLoadContext)
   at System.Reflection.Assembly.Load(AssemblyName assemblyRef)
   at Microsoft.VisualStudio.TestPlatform.Common.ExtensionFramework.TestPluginCache.CurrentDomainAssemblyResolve(Object sender, AssemblyResolveEventArgs args)
   at Microsoft.VisualStudio.TestPlatform.PlatformAbstractions.PlatformAssemblyResolver.AssemblyResolverEvent(Object sender, Object eventArgs)
   at System.Runtime.Loader.AssemblyLoadContext.GetFirstResolvedAssemblyFromResolvingEvent(AssemblyName assemblyName)
   at System.Runtime.Loader.AssemblyLoadContext.ResolveUsingEvent(AssemblyName assemblyName)
   at System.Runtime.Loader.AssemblyLoadContext.ResolveUsingResolvingEvent(IntPtr gchManagedAssemblyLoadContext, AssemblyName assemblyName)
TpTrace Information: 0 : 13004, 1, 2022/12/29, 17:44:03.481, 19863708557, vstest.console.dll, AssemblyResolver.OnResolve: Microsoft.TestPlatform.Extensions.BlameDataCollector: Resolving assembly.
TpTrace Information: 0 : 13004, 1, 2022/12/29, 17:44:03.482, 19863709344, vstest.console.dll, AssemblyResolver.OnResolve: Microsoft.TestPlatform.Extensions.BlameDataCollector: Searching in: 'C:\Program Files\dotnet\sdk\6.0.201\Extensions'.
TpTrace Information: 0 : 13004, 1, 2022/12/29, 17:44:03.482, 19863712972, vstest.console.dll, AssemblyResolver.OnResolve: Microsoft.TestPlatform.Extensions.BlameDataCollector: Loading assembly 'C:\Program Files\dotnet\sdk\6.0.201\Extensions\Microsoft.TestPlatform.Extensions.BlameDataCollector.dll'.
TpTrace Information: 0 : 13004, 1, 2022/12/29, 17:44:03.482, 19863718631, vstest.console.dll, AssemblyResolver.OnResolve: Resolved assembly: Microsoft.TestPlatform.Extensions.BlameDataCollector, from path: C:\Program Files\dotnet\sdk\6.0.201\Extensions\Microsoft.TestPlatform.Extensions.BlameDataCollector.dll
TpTrace Information: 0 : 13004, 1, 2022/12/29, 17:44:03.483, 19863728832, vstest.console.dll, AssemblyResolver.OnResolve: Microsoft.TestPlatform.Extensions.EventLogCollector: Resolving assembly.
TpTrace Information: 0 : 13004, 1, 2022/12/29, 17:44:03.484, 19863729884, vstest.console.dll, AssemblyResolver.OnResolve: Microsoft.TestPlatform.Extensions.EventLogCollector: Searching in: 'C:\Program Files\dotnet\sdk\6.0.201\Extensions'.
TpTrace Information: 0 : 13004, 1, 2022/12/29, 17:44:03.484, 19863733465, vstest.console.dll, AssemblyResolver.OnResolve: Microsoft.TestPlatform.Extensions.EventLogCollector: Loading assembly 'C:\Program Files\dotnet\sdk\6.0.201\Extensions\Microsoft.TestPlatform.Extensions.EventLogCollector.dll'.
TpTrace Information: 0 : 13004, 1, 2022/12/29, 17:44:03.484, 19863738266, vstest.console.dll, AssemblyResolver.OnResolve: Resolved assembly: Microsoft.TestPlatform.Extensions.EventLogCollector, from path: C:\Program Files\dotnet\sdk\6.0.201\Extensions\Microsoft.TestPlatform.Extensions.EventLogCollector.dll
TpTrace Information: 0 : 13004, 1, 2022/12/29, 17:44:03.486, 19863749861, vstest.console.dll, AssemblyResolver.OnResolve: Microsoft.TestPlatform.TestHostRuntimeProvider: Resolving assembly.
TpTrace Information: 0 : 13004, 1, 2022/12/29, 17:44:03.486, 19863750819, vstest.console.dll, AssemblyResolver.OnResolve: Microsoft.TestPlatform.TestHostRuntimeProvider: Searching in: 'C:\Program Files\dotnet\sdk\6.0.201\Extensions'.
TpTrace Information: 0 : 13004, 1, 2022/12/29, 17:44:03.486, 19863754195, vstest.console.dll, AssemblyResolver.OnResolve: Microsoft.TestPlatform.TestHostRuntimeProvider: Loading assembly 'C:\Program Files\dotnet\sdk\6.0.201\Extensions\Microsoft.TestPlatform.TestHostRuntimeProvider.dll'.
TpTrace Information: 0 : 13004, 1, 2022/12/29, 17:44:03.487, 19863759742, vstest.console.dll, AssemblyResolver.OnResolve: Resolved assembly: Microsoft.TestPlatform.TestHostRuntimeProvider, from path: C:\Program Files\dotnet\sdk\6.0.201\Extensions\Microsoft.TestPlatform.TestHostRuntimeProvider.dll
TpTrace Information: 0 : 13004, 1, 2022/12/29, 17:44:03.489, 19863780298, vstest.console.dll, AssemblyResolver.OnResolve: Microsoft.VisualStudio.TestPlatform.Extensions.Html.TestLogger: Resolving assembly.
TpTrace Information: 0 : 13004, 1, 2022/12/29, 17:44:03.489, 19863781661, vstest.console.dll, AssemblyResolver.OnResolve: Microsoft.VisualStudio.TestPlatform.Extensions.Html.TestLogger: Searching in: 'C:\Program Files\dotnet\sdk\6.0.201\Extensions'.
TpTrace Information: 0 : 13004, 1, 2022/12/29, 17:44:03.489, 19863785390, vstest.console.dll, AssemblyResolver.OnResolve: Microsoft.VisualStudio.TestPlatform.Extensions.Html.TestLogger: Loading assembly 'C:\Program Files\dotnet\sdk\6.0.201\Extensions\Microsoft.VisualStudio.TestPlatform.Extensions.Html.TestLogger.dll'.
TpTrace Information: 0 : 13004, 1, 2022/12/29, 17:44:03.490, 19863791025, vstest.console.dll, AssemblyResolver.OnResolve: Resolved assembly: Microsoft.VisualStudio.TestPlatform.Extensions.Html.TestLogger, from path: C:\Program Files\dotnet\sdk\6.0.201\Extensions\Microsoft.VisualStudio.TestPlatform.Extensions.Html.TestLogger.dll
TpTrace Information: 0 : 13004, 1, 2022/12/29, 17:44:03.490, 19863796965, vstest.console.dll, AssemblyResolver.OnResolve: Microsoft.VisualStudio.TestPlatform.Extensions.Trx.TestLogger: Resolving assembly.
TpTrace Information: 0 : 13004, 1, 2022/12/29, 17:44:03.490, 19863797809, vstest.console.dll, AssemblyResolver.OnResolve: Microsoft.VisualStudio.TestPlatform.Extensions.Trx.TestLogger: Searching in: 'C:\Program Files\dotnet\sdk\6.0.201\Extensions'.
TpTrace Information: 0 : 13004, 1, 2022/12/29, 17:44:03.491, 19863801218, vstest.console.dll, AssemblyResolver.OnResolve: Microsoft.VisualStudio.TestPlatform.Extensions.Trx.TestLogger: Loading assembly 'C:\Program Files\dotnet\sdk\6.0.201\Extensions\Microsoft.VisualStudio.TestPlatform.Extensions.Trx.TestLogger.dll'.
TpTrace Information: 0 : 13004, 1, 2022/12/29, 17:44:03.491, 19863806455, vstest.console.dll, AssemblyResolver.OnResolve: Resolved assembly: Microsoft.VisualStudio.TestPlatform.Extensions.Trx.TestLogger, from path: C:\Program Files\dotnet\sdk\6.0.201\Extensions\Microsoft.VisualStudio.TestPlatform.Extensions.Trx.TestLogger.dll
TpTrace Verbose: 0 : 13004, 1, 2022/12/29, 17:44:03.492, 19863815766, vstest.console.dll, TestPluginCache: Discovered the extensions using extension path ''.
TpTrace Verbose: 0 : 13004, 1, 2022/12/29, 17:44:03.492, 19863817360, vstest.console.dll, TestPluginCache: Discoverers are ''.
TpTrace Verbose: 0 : 13004, 1, 2022/12/29, 17:44:03.492, 19863817912, vstest.console.dll, TestPluginCache: Executors are ''.
TpTrace Verbose: 0 : 13004, 1, 2022/12/29, 17:44:03.492, 19863818335, vstest.console.dll, TestPluginCache: Executors2 are ''.
TpTrace Verbose: 0 : 13004, 1, 2022/12/29, 17:44:03.492, 19863818742, vstest.console.dll, TestPluginCache: Setting providers are ''.
TpTrace Verbose: 0 : 13004, 1, 2022/12/29, 17:44:03.492, 19863819143, vstest.console.dll, TestPluginCache: Loggers are ''.
TpTrace Information: 0 : 13004, 1, 2022/12/29, 17:44:03.500, 19863890191, vstest.console.dll, RunTestsArgumentProcessor:Execute: Test run is starting.
TpTrace Verbose: 0 : 13004, 1, 2022/12/29, 17:44:03.500, 19863891585, vstest.console.dll, RunTestsArgumentProcessor:Execute: Queuing Test run.
TpTrace Information: 0 : 13004, 1, 2022/12/29, 17:44:03.500, 19863895122, vstest.console.dll, TestRequestManager.RunTests: run tests started.
TpTrace Information: 0 : 13004, 1, 2022/12/29, 17:44:03.506, 19863953876, vstest.console.dll, AssemblyMetadataProvider.GetFrameWork: Determined framework:'.NETFramework,Version=v4.7.2' for source: 'D:\Programming\C#\univer\WebAppNews\WebNewsAppDal.Tests\bin\Debug\net472\fine-code-coverage\build-output\WebNewsAppDal.Tests.dll'
TpTrace Information: 0 : 13004, 1, 2022/12/29, 17:44:03.506, 19863957347, vstest.console.dll, Determined framework for all sources: .NETFramework,Version=v4.7.2
TpTrace Information: 0 : 13004, 1, 2022/12/29, 17:44:03.507, 19863963775, vstest.console.dll, AssemblyMetadataProvider.GetArchitecture: Determined architecture:AnyCPU info for assembly: D:\Programming\C#\univer\WebAppNews\WebNewsAppDal.Tests\bin\Debug\net472\fine-code-coverage\build-output\WebNewsAppDal.Tests.dll
TpTrace Information: 0 : 13004, 1, 2022/12/29, 17:44:03.507, 19863964759, vstest.console.dll, Determined platform for source 'D:\Programming\C#\univer\WebAppNews\WebNewsAppDal.Tests\bin\Debug\net472\fine-code-coverage\build-output\WebNewsAppDal.Tests.dll' is 'AnyCPU'
TpTrace Information: 0 : 13004, 1, 2022/12/29, 17:44:03.510, 19863998613, vstest.console.dll, Determined platform for all sources: X86
TpTrace Information: 0 : 13004, 1, 2022/12/29, 17:44:03.511, 19863999896, vstest.console.dll, Infered platform 'X86'.
TpTrace Information: 0 : 13004, 1, 2022/12/29, 17:44:03.511, 19864000511, vstest.console.dll, Platform update to 'X86' required.
TpTrace Information: 0 : 13004, 1, 2022/12/29, 17:44:03.515, 19864048598, vstest.console.dll, Compatible sources list : 
TpTrace Information: 0 : 13004, 1, 2022/12/29, 17:44:03.516, 19864049839, vstest.console.dll, D:\Programming\C#\univer\WebAppNews\WebNewsAppDal.Tests\bin\Debug\net472\fine-code-coverage\build-output\WebNewsAppDal.Tests.dll
TpTrace Information: 0 : 13004, 1, 2022/12/29, 17:44:03.520, 19864094001, vstest.console.dll, InferRunSettingsHelper.IsTestSettingsEnabled: Unable to navigate to RunSettings/MSTest. Current node: RunSettings
TpTrace Information: 0 : 13004, 1, 2022/12/29, 17:44:03.521, 19864105845, vstest.console.dll, AssemblyResolver.OnResolve: Microsoft.VisualStudio.TestPlatform.Fakes: Resolving assembly.
TpTrace Information: 0 : 13004, 1, 2022/12/29, 17:44:03.521, 19864106907, vstest.console.dll, AssemblyResolver.OnResolve: Microsoft.VisualStudio.TestPlatform.Fakes: Searching in: 'C:\Program Files\dotnet\sdk\6.0.201\Extensions'.
TpTrace Information: 0 : 13004, 1, 2022/12/29, 17:44:03.521, 19864108356, vstest.console.dll, AssemblyResolver.OnResolve: Microsoft.VisualStudio.TestPlatform.Fakes: Assembly path does not exist: 'C:\Program Files\dotnet\sdk\6.0.201\Extensions\Microsoft.VisualStudio.TestPlatform.Fakes.dll', returning.
TpTrace Information: 0 : 13004, 1, 2022/12/29, 17:44:03.522, 19864109325, vstest.console.dll, AssemblyResolver.OnResolve: Microsoft.VisualStudio.TestPlatform.Fakes: Assembly path does not exist: 'C:\Program Files\dotnet\sdk\6.0.201\Extensions\Microsoft.VisualStudio.TestPlatform.Fakes.exe', returning.
TpTrace Information: 0 : 13004, 1, 2022/12/29, 17:44:03.522, 19864109863, vstest.console.dll, AssemblyResolver.OnResolve: Microsoft.VisualStudio.TestPlatform.Fakes: Searching in: 'C:\Program Files\dotnet\sdk\6.0.201'.
TpTrace Information: 0 : 13004, 1, 2022/12/29, 17:44:03.522, 19864110800, vstest.console.dll, AssemblyResolver.OnResolve: Microsoft.VisualStudio.TestPlatform.Fakes: Assembly path does not exist: 'C:\Program Files\dotnet\sdk\6.0.201\Microsoft.VisualStudio.TestPlatform.Fakes.dll', returning.
TpTrace Information: 0 : 13004, 1, 2022/12/29, 17:44:03.522, 19864111764, vstest.console.dll, AssemblyResolver.OnResolve: Microsoft.VisualStudio.TestPlatform.Fakes: Assembly path does not exist: 'C:\Program Files\dotnet\sdk\6.0.201\Microsoft.VisualStudio.TestPlatform.Fakes.exe', returning.
TpTrace Information: 0 : 13004, 1, 2022/12/29, 17:44:03.522, 19864112347, vstest.console.dll, AssemblyResolver.OnResolve: Microsoft.VisualStudio.TestPlatform.Fakes: Failed to load assembly.
TpTrace Information: 0 : 13004, 1, 2022/12/29, 17:44:03.522, 19864116810, vstest.console.dll, Failed to load assembly Microsoft.VisualStudio.TestPlatform.Fakes, Version=17.0.0.0, Culture=neutral. Reason:System.IO.FileNotFoundException: Could not load file or assembly 'Microsoft.VisualStudio.TestPlatform.Fakes, Version=17.0.0.0, Culture=neutral, PublicKeyToken=null'. Не удается найти указанный файл.
File name: 'Microsoft.VisualStudio.TestPlatform.Fakes, Version=17.0.0.0, Culture=neutral, PublicKeyToken=null'
   at System.Reflection.RuntimeAssembly.InternalLoad(ObjectHandleOnStack assemblyName, ObjectHandleOnStack requestingAssembly, StackCrawlMarkHandle stackMark, Boolean throwOnFileNotFound, ObjectHandleOnStack assemblyLoadContext, ObjectHandleOnStack retAssembly)
   at System.Reflection.RuntimeAssembly.InternalLoad(AssemblyName assemblyName, RuntimeAssembly requestingAssembly, StackCrawlMark& stackMark, Boolean throwOnFileNotFound, AssemblyLoadContext assemblyLoadContext)
   at System.Reflection.Assembly.Load(AssemblyName assemblyRef)
   at Microsoft.VisualStudio.TestPlatform.Common.Utilities.FakesUtilities.LoadTestPlatformAssembly()
TpTrace Verbose: 0 : 13004, 1, 2022/12/29, 17:44:03.529, 19864179391, vstest.console.dll, TestPluginCache.DiscoverTestExtensions: finding test extensions in assemblies ends with: TestLogger.dll TPluginInfo: Microsoft.VisualStudio.TestPlatform.Common.ExtensionFramework.Utilities.TestLoggerPluginInformation TExtension: Microsoft.VisualStudio.TestPlatform.ObjectModel.Client.ITestLogger
TpTrace Verbose: 0 : 13004, 1, 2022/12/29, 17:44:03.529, 19864181079, vstest.console.dll, TestPluginCache.GetExtensionPaths: Filtered extension paths: 
TpTrace Verbose: 0 : 13004, 1, 2022/12/29, 17:44:03.529, 19864181720, vstest.console.dll, TestPluginCache.GetExtensionPaths: Added default extension paths: C:\Program Files\dotnet\sdk\6.0.201\Extensions\DumpMinitool.exe
C:\Program Files\dotnet\sdk\6.0.201\Extensions\DumpMinitool.x86.exe
C:\Program Files\dotnet\sdk\6.0.201\Extensions\Microsoft.Diagnostics.NETCore.Client.dll
C:\Program Files\dotnet\sdk\6.0.201\Extensions\Microsoft.TestPlatform.Extensions.BlameDataCollector.dll
C:\Program Files\dotnet\sdk\6.0.201\Extensions\Microsoft.TestPlatform.Extensions.EventLogCollector.dll
C:\Program Files\dotnet\sdk\6.0.201\Extensions\Microsoft.TestPlatform.TestHostRuntimeProvider.dll
C:\Program Files\dotnet\sdk\6.0.201\Extensions\Microsoft.VisualStudio.TestPlatform.Extensions.Html.TestLogger.dll
C:\Program Files\dotnet\sdk\6.0.201\Extensions\Microsoft.VisualStudio.TestPlatform.Extensions.Trx.TestLogger.dll
TpTrace Verbose: 0 : 13004, 1, 2022/12/29, 17:44:03.529, 19864182326, vstest.console.dll, TestPluginCache.GetExtensionPaths: Added unfilterableExtensionPaths: 
TpTrace Information: 0 : 13004, 1, 2022/12/29, 17:44:03.529, 19864184555, vstest.console.dll, AssemblyResolver.AddSearchDirectories: Adding more searchDirectories C:\Program Files\dotnet\sdk\6.0.201\Extensions,C:\Program Files\dotnet\sdk\6.0.201
TpTrace Verbose: 0 : 13004, 1, 2022/12/29, 17:44:03.529, 19864185410, vstest.console.dll, TestPluginCache.DiscoverTestExtensions: Discovering the extensions using extension path.
TpTrace Verbose: 0 : 13004, 1, 2022/12/29, 17:44:03.529, 19864186153, vstest.console.dll, TestPluginCache.GetExtensionPaths: Filtered extension paths: 
TpTrace Verbose: 0 : 13004, 1, 2022/12/29, 17:44:03.529, 19864186656, vstest.console.dll, TestPluginCache.GetExtensionPaths: Added default extension paths: C:\Program Files\dotnet\sdk\6.0.201\Extensions\DumpMinitool.exe
C:\Program Files\dotnet\sdk\6.0.201\Extensions\DumpMinitool.x86.exe
C:\Program Files\dotnet\sdk\6.0.201\Extensions\Microsoft.Diagnostics.NETCore.Client.dll
C:\Program Files\dotnet\sdk\6.0.201\Extensions\Microsoft.TestPlatform.Extensions.BlameDataCollector.dll
C:\Program Files\dotnet\sdk\6.0.201\Extensions\Microsoft.TestPlatform.Extensions.EventLogCollector.dll
C:\Program Files\dotnet\sdk\6.0.201\Extensions\Microsoft.TestPlatform.TestHostRuntimeProvider.dll
C:\Program Files\dotnet\sdk\6.0.201\Extensions\Microsoft.VisualStudio.TestPlatform.Extensions.Html.TestLogger.dll
C:\Program Files\dotnet\sdk\6.0.201\Extensions\Microsoft.VisualStudio.TestPlatform.Extensions.Trx.TestLogger.dll
TpTrace Verbose: 0 : 13004, 1, 2022/12/29, 17:44:03.529, 19864187223, vstest.console.dll, TestPluginCache.GetExtensionPaths: Added unfilterableExtensionPaths: 
TpTrace Verbose: 0 : 13004, 1, 2022/12/29, 17:44:03.529, 19864187734, vstest.console.dll, TestPluginCache.DiscoverTestExtensions: Discovering the extensions using allExtensionPaths: C:\Program Files\dotnet\sdk\6.0.201\Extensions\DumpMinitool.exe
C:\Program Files\dotnet\sdk\6.0.201\Extensions\DumpMinitool.x86.exe
C:\Program Files\dotnet\sdk\6.0.201\Extensions\Microsoft.Diagnostics.NETCore.Client.dll
C:\Program Files\dotnet\sdk\6.0.201\Extensions\Microsoft.TestPlatform.Extensions.BlameDataCollector.dll
C:\Program Files\dotnet\sdk\6.0.201\Extensions\Microsoft.TestPlatform.Extensions.EventLogCollector.dll
C:\Program Files\dotnet\sdk\6.0.201\Extensions\Microsoft.TestPlatform.TestHostRuntimeProvider.dll
C:\Program Files\dotnet\sdk\6.0.201\Extensions\Microsoft.VisualStudio.TestPlatform.Extensions.Html.TestLogger.dll
C:\Program Files\dotnet\sdk\6.0.201\Extensions\Microsoft.VisualStudio.TestPlatform.Extensions.Trx.TestLogger.dll
TpTrace Information: 0 : 13004, 1, 2022/12/29, 17:44:03.530, 19864189204, vstest.console.dll, AssemblyResolver.AddSearchDirectories: Adding more searchDirectories C:\Program Files\dotnet\sdk\6.0.201\Extensions,C:\Program Files\dotnet\sdk\6.0.201
TpTrace Information: 0 : 13004, 1, 2022/12/29, 17:44:03.530, 19864189884, vstest.console.dll, AssemblyResolver.AddSearchDirectories: Adding more searchDirectories C:\Program Files\dotnet\sdk\6.0.201\Extensions,C:\Program Files\dotnet\sdk\6.0.201
TpTrace Information: 0 : 13004, 1, 2022/12/29, 17:44:03.530, 19864190401, vstest.console.dll, AssemblyResolver.AddSearchDirectories: Adding more searchDirectories C:\Program Files\dotnet\sdk\6.0.201\Extensions,C:\Program Files\dotnet\sdk\6.0.201
TpTrace Information: 0 : 13004, 1, 2022/12/29, 17:44:03.530, 19864191089, vstest.console.dll, AssemblyResolver.AddSearchDirectories: Adding more searchDirectories C:\Program Files\dotnet\sdk\6.0.201\Extensions,C:\Program Files\dotnet\sdk\6.0.201
TpTrace Information: 0 : 13004, 1, 2022/12/29, 17:44:03.530, 19864191586, vstest.console.dll, AssemblyResolver.AddSearchDirectories: Adding more searchDirectories C:\Program Files\dotnet\sdk\6.0.201\Extensions,C:\Program Files\dotnet\sdk\6.0.201
TpTrace Information: 0 : 13004, 1, 2022/12/29, 17:44:03.530, 19864192071, vstest.console.dll, AssemblyResolver.AddSearchDirectories: Adding more searchDirectories C:\Program Files\dotnet\sdk\6.0.201\Extensions,C:\Program Files\dotnet\sdk\6.0.201
TpTrace Information: 0 : 13004, 1, 2022/12/29, 17:44:03.530, 19864192629, vstest.console.dll, AssemblyResolver.AddSearchDirectories: Adding more searchDirectories C:\Program Files\dotnet\sdk\6.0.201\Extensions,C:\Program Files\dotnet\sdk\6.0.201
TpTrace Information: 0 : 13004, 1, 2022/12/29, 17:44:03.530, 19864193126, vstest.console.dll, AssemblyResolver.AddSearchDirectories: Adding more searchDirectories C:\Program Files\dotnet\sdk\6.0.201\Extensions,C:\Program Files\dotnet\sdk\6.0.201
TpTrace Information: 0 : 13004, 1, 2022/12/29, 17:44:03.530, 19864198430, vstest.console.dll, AssemblyResolver.OnResolve: Microsoft.Bcl.AsyncInterfaces: Resolving assembly.
TpTrace Information: 0 : 13004, 1, 2022/12/29, 17:44:03.531, 19864199257, vstest.console.dll, AssemblyResolver.OnResolve: Microsoft.Bcl.AsyncInterfaces: Resolved from cache.
TpTrace Verbose: 0 : 13004, 1, 2022/12/29, 17:44:03.531, 19864199830, vstest.console.dll, CurrentDomainAssemblyResolve: Resolving assembly 'Microsoft.Bcl.AsyncInterfaces'.
TpTrace Information: 0 : 13004, 1, 2022/12/29, 17:44:03.531, 19864200579, vstest.console.dll, AssemblyResolver.OnResolve: Microsoft.Bcl.AsyncInterfaces: Resolving assembly.
TpTrace Information: 0 : 13004, 1, 2022/12/29, 17:44:03.531, 19864201111, vstest.console.dll, AssemblyResolver.OnResolve: Microsoft.Bcl.AsyncInterfaces: Resolved from cache.
TpTrace Verbose: 0 : 13004, 1, 2022/12/29, 17:44:03.531, 19864201592, vstest.console.dll, CurrentDomainAssemblyResolve: Resolving assembly 'Microsoft.Bcl.AsyncInterfaces'.
TpTrace Verbose: 0 : 13004, 1, 2022/12/29, 17:44:03.531, 19864202026, vstest.console.dll, CurrentDomainAssemblyResolve: Failed to resolve assembly 'Microsoft.Bcl.AsyncInterfaces'.
TpTrace Verbose: 0 : 13004, 1, 2022/12/29, 17:44:03.531, 19864204638, vstest.console.dll, CurrentDomainAssemblyResolve: Failed to resolve assembly 'Microsoft.Bcl.AsyncInterfaces'.
TpTrace Warning: 0 : 13004, 1, 2022/12/29, 17:44:03.532, 19864210994, vstest.console.dll, TestPluginDiscoverer: Failed to get types from assembly 'Microsoft.Diagnostics.NETCore.Client, Version=0.2.5.801, Culture=neutral, PublicKeyToken=31bf3856ad364e35'.  Skipping test extension scan for this assembly.  Error: System.Reflection.ReflectionTypeLoadException: Unable to load one or more of the requested types.
Could not load file or assembly 'Microsoft.Bcl.AsyncInterfaces, Version=1.0.0.0, Culture=neutral, PublicKeyToken=cc7b13ffcd2ddd51'. Не удается найти указанный файл.
   at System.Reflection.RuntimeModule.GetTypes(RuntimeModule module)
   at System.Reflection.Assembly.GetTypes()
   at Microsoft.VisualStudio.TestPlatform.Common.ExtensionFramework.TestPluginDiscoverer.GetTestExtensionsFromAssembly[TPluginInfo,TExtension](Assembly assembly, Dictionary`2 pluginInfos)
System.IO.FileNotFoundException: Could not load file or assembly 'Microsoft.Bcl.AsyncInterfaces, Version=1.0.0.0, Culture=neutral, PublicKeyToken=cc7b13ffcd2ddd51'. Не удается найти указанный файл.
File name: 'Microsoft.Bcl.AsyncInterfaces, Version=1.0.0.0, Culture=neutral, PublicKeyToken=cc7b13ffcd2ddd51'
 ---> System.IO.FileNotFoundException: Could not load file or assembly 'Microsoft.Bcl.AsyncInterfaces, Culture=neutral, PublicKeyToken=null'. Не удается найти указанный файл.
File name: 'Microsoft.Bcl.AsyncInterfaces, Culture=neutral, PublicKeyToken=null'
   at System.Reflection.RuntimeAssembly.InternalLoad(ObjectHandleOnStack assemblyName, ObjectHandleOnStack requestingAssembly, StackCrawlMarkHandle stackMark, Boolean throwOnFileNotFound, ObjectHandleOnStack assemblyLoadContext, ObjectHandleOnStack retAssembly)
   at System.Reflection.RuntimeAssembly.InternalLoad(AssemblyName assemblyName, RuntimeAssembly requestingAssembly, StackCrawlMark& stackMark, Boolean throwOnFileNotFound, AssemblyLoadContext assemblyLoadContext)
   at System.Reflection.Assembly.Load(AssemblyName assemblyRef)
   at Microsoft.VisualStudio.TestPlatform.Common.ExtensionFramework.TestPluginCache.CurrentDomainAssemblyResolve(Object sender, AssemblyResolveEventArgs args)
   at Microsoft.VisualStudio.TestPlatform.PlatformAbstractions.PlatformAssemblyResolver.AssemblyResolverEvent(Object sender, Object eventArgs)
   at System.Runtime.Loader.AssemblyLoadContext.GetFirstResolvedAssemblyFromResolvingEvent(AssemblyName assemblyName)
   at System.Runtime.Loader.AssemblyLoadContext.ResolveUsingEvent(AssemblyName assemblyName)
   at System.Runtime.Loader.AssemblyLoadContext.ResolveUsingResolvingEvent(IntPtr gchManagedAssemblyLoadContext, AssemblyName assemblyName)
TpTrace Warning: 0 : 13004, 1, 2022/12/29, 17:44:03.532, 19864214296, vstest.console.dll, LoaderExceptions: System.IO.FileNotFoundException: Could not load file or assembly 'Microsoft.Bcl.AsyncInterfaces, Version=1.0.0.0, Culture=neutral, PublicKeyToken=cc7b13ffcd2ddd51'. Не удается найти указанный файл.
File name: 'Microsoft.Bcl.AsyncInterfaces, Version=1.0.0.0, Culture=neutral, PublicKeyToken=cc7b13ffcd2ddd51'
 ---> System.IO.FileNotFoundException: Could not load file or assembly 'Microsoft.Bcl.AsyncInterfaces, Culture=neutral, PublicKeyToken=null'. Не удается найти указанный файл.
File name: 'Microsoft.Bcl.AsyncInterfaces, Culture=neutral, PublicKeyToken=null'
   at System.Reflection.RuntimeAssembly.InternalLoad(ObjectHandleOnStack assemblyName, ObjectHandleOnStack requestingAssembly, StackCrawlMarkHandle stackMark, Boolean throwOnFileNotFound, ObjectHandleOnStack assemblyLoadContext, ObjectHandleOnStack retAssembly)
   at System.Reflection.RuntimeAssembly.InternalLoad(AssemblyName assemblyName, RuntimeAssembly requestingAssembly, StackCrawlMark& stackMark, Boolean throwOnFileNotFound, AssemblyLoadContext assemblyLoadContext)
   at System.Reflection.Assembly.Load(AssemblyName assemblyRef)
   at Microsoft.VisualStudio.TestPlatform.Common.ExtensionFramework.TestPluginCache.CurrentDomainAssemblyResolve(Object sender, AssemblyResolveEventArgs args)
   at Microsoft.VisualStudio.TestPlatform.PlatformAbstractions.PlatformAssemblyResolver.AssemblyResolverEvent(Object sender, Object eventArgs)
   at System.Runtime.Loader.AssemblyLoadContext.GetFirstResolvedAssemblyFromResolvingEvent(AssemblyName assemblyName)
   at System.Runtime.Loader.AssemblyLoadContext.ResolveUsingEvent(AssemblyName assemblyName)
   at System.Runtime.Loader.AssemblyLoadContext.ResolveUsingResolvingEvent(IntPtr gchManagedAssemblyLoadContext, AssemblyName assemblyName)
TpTrace Verbose: 0 : 13004, 1, 2022/12/29, 17:44:03.533, 19864221194, vstest.console.dll, TestPluginCache: Discovered the extensions using extension path ''.
TpTrace Verbose: 0 : 13004, 1, 2022/12/29, 17:44:03.533, 19864222074, vstest.console.dll, TestPluginCache: Discoverers are ''.
TpTrace Verbose: 0 : 13004, 1, 2022/12/29, 17:44:03.533, 19864222539, vstest.console.dll, TestPluginCache: Executors are ''.
TpTrace Verbose: 0 : 13004, 1, 2022/12/29, 17:44:03.533, 19864223275, vstest.console.dll, TestPluginCache: Executors2 are ''.
TpTrace Verbose: 0 : 13004, 1, 2022/12/29, 17:44:03.533, 19864223674, vstest.console.dll, TestPluginCache: Setting providers are ''.
TpTrace Verbose: 0 : 13004, 1, 2022/12/29, 17:44:03.533, 19864224889, vstest.console.dll, TestPluginCache: Loggers are 'logger://Microsoft/TestPlatform/Extensions/Blame/v1,logger://Microsoft/TestPlatform/HtmlLogger/v1,logger://Microsoft/TestPlatform/TrxLogger/v1'.
TpTrace Information: 0 : 13004, 1, 2022/12/29, 17:44:03.534, 19864236591, vstest.console.dll, TestPluginManager.CreateTestExtension: Attempting to load test extension: Microsoft.TestPlatform.Extensions.BlameDataCollector.BlameLogger
TpTrace Information: 0 : 13004, 1, 2022/12/29, 17:44:03.545, 19864339289, vstest.console.dll, TestPluginManager.CreateTestExtension: Attempting to load test extension: Microsoft.VisualStudio.TestPlatform.CrossPlatEngine.Hosting.DefaultTestHostManager
TpTrace Verbose: 0 : 13004, 1, 2022/12/29, 17:44:03.547, 19864361604, vstest.console.dll, TestEngine: Initializing Parallel Execution as MaxCpuCount is set to: 1
TpTrace Information: 0 : 13004, 1, 2022/12/29, 17:44:03.548, 19864371394, vstest.console.dll, InferRunSettingsHelper.IsTestSettingsEnabled: Unable to navigate to RunSettings/MSTest. Current node: RunSettings
TpTrace Verbose: 0 : 13004, 1, 2022/12/29, 17:44:03.570, 19864589782, vstest.console.dll, TestRequestSender is acting as server
TpTrace Verbose: 0 : 13004, 1, 2022/12/29, 17:44:03.572, 19864611179, vstest.console.dll, DataCollectionRequestSender.InitializeCommunication : Initialize communication. 
TpTrace Information: 0 : 13004, 1, 2022/12/29, 17:44:03.581, 19864701965, vstest.console.dll, Listening on Endpoint : 127.0.0.1:60536
TpTrace Verbose: 0 : 13004, 1, 2022/12/29, 17:44:03.601, 19864907750, vstest.console.dll, DotnetDataCollectionLauncher: Full path of dotnet.exe is C:\Program Files\dotnet\dotnet.exe
TpTrace Verbose: 0 : 13004, 1, 2022/12/29, 17:44:03.602, 19864910695, vstest.console.dll, DotnetDataCollectionLauncher: Adding  --runtimeconfig "C:\Program Files\dotnet\sdk\6.0.201\datacollector.runtimeconfig.json" in args
TpTrace Verbose: 0 : 13004, 1, 2022/12/29, 17:44:03.602, 19864911999, vstest.console.dll, DotnetDataCollectionLauncher: Adding  --depsfile "C:\Program Files\dotnet\sdk\6.0.201\datacollector.deps.json" in args
TpTrace Information: 0 : 13004, 1, 2022/12/29, 17:44:03.616, 19865059225, vstest.console.dll, ProxyDataCollectionManager.Initialize: Launched datacollector processId: 14564 port: 60536
TpTrace Information: 0 : 13004, 1, 2022/12/29, 17:44:03.617, 19865061969, vstest.console.dll, ProxyDataCollectionManager.Initialize: waiting for connection with timeout: 90 seconds
TpTrace Verbose: 0 : 13004, 1, 2022/12/29, 17:44:03.617, 19865063383, vstest.console.dll, DataCollectionRequestSender.WaitForRequestHandlerConnection : Waiting for connection with timeout: 90000
TpTrace Information: 0 : 13004, 5, 2022/12/29, 17:44:03.831, 19867207482, vstest.console.dll, Using the buffer size of 16384 bytes
TpTrace Verbose: 0 : 13004, 1, 2022/12/29, 17:44:03.831, 19867209031, vstest.console.dll, ProxyDataCollectionManager.InvokeDataCollectionServiceAction: Starting.
TpTrace Information: 0 : 13004, 5, 2022/12/29, 17:44:03.832, 19867209448, vstest.console.dll, Accepted Client request and set the flag
TpTrace Information: 0 : 13004, 1, 2022/12/29, 17:44:03.832, 19867211631, vstest.console.dll, ProxyDataCollectionManager.BeforeTestRunStart: Get environment variable and port for datacollector processId: 14564 port: 60536
TpTrace Verbose: 0 : 13004, 1, 2022/12/29, 17:44:03.832, 19867214619, vstest.console.dll, DataCollectionRequestSender.SendBeforeTestRunStartAndGetResult : Send BeforeTestRunStart message with settingsXml <RunSettings><RunConfiguration><ResultsDirectory>D:\Programming\C#\univer\WebAppNews\WebNewsAppDal.Tests\bin\Debug\net472\fine-code-coverage\coverage-tool-output</ResultsDirectory><TargetPlatform>X86</TargetPlatform><TargetFrameworkVersion>.NETFramework,Version=v4.7.2</TargetFrameworkVersion><DesignMode>False</DesignMode><CollectSourceInformation>False</CollectSourceInformation><TestAdaptersPaths>C:\Program Files\dotnet\sdk\6.0.201\Extensions</TestAdaptersPaths></RunConfiguration><LoggerRunSettings><Loggers><Logger friendlyName="blame" enabled="True" /><Logger friendlyName="Console" uri="logger://microsoft/TestPlatform/ConsoleLogger/v1" assemblyQualifiedName="Microsoft.VisualStudio.TestPlatform.CommandLine.Internal.ConsoleLogger, vstest.console, Version=15.0.0.0, Culture=neutral, PublicKeyToken=b03f5f7f11d50a3a" codeBase="C:\Program Files\dotnet\sdk\6.0.201\vstest.console.dll" enabled="True" /></Loggers></LoggerRunSettings><DataCollectionRunSettings><DataCollectors><DataCollector friendlyName="blame" enabled="True"><Configuration><ResultsDirectory>D:\Programming\C#\univer\WebAppNews\WebNewsAppDal.Tests\bin\Debug\net472\fine-code-coverage\coverage-tool-output</ResultsDirectory></Configuration></DataCollector></DataCollectors></DataCollectionRunSettings></RunSettings> and sources System.Linq.Enumerable+Concat2Iterator`1[System.String]: 
TpTrace Verbose: 0 : 13004, 1, 2022/12/29, 17:44:03.971, 19868608824, vstest.console.dll, DataCollectionRequestSender.SendBeforeTestRunStartAndGetResult : Received message: (DataCollection.SendMessage) -> {
  "FriendlyName": null,
  "Uri": null,
  "TestCaseId": "00000000-0000-0000-0000-000000000000",
  "Message": "Logging DataCollector Diagnostics in file: D:\\Programming\\C#\\univer\\WebAppNews\\WebNewsAppDal.Tests\\bin\\Debug\\net472\\fine-code-coverage\\coverage-tool-output\\diagnostics.datacollector.22-12-29_17-44-03_59467_1.log",
  "Level": 0
}
TpTrace Verbose: 0 : 13004, 1, 2022/12/29, 17:44:04.108, 19869977399, vstest.console.dll, DataCollectionRequestSender.SendBeforeTestRunStartAndGetResult : Received message: (DataCollection.BeforeTestRunStartResult) -> {
  "EnvironmentVariables": {},
  "DataCollectionEventsPort": 60538
}
TpTrace Information: 0 : 13004, 1, 2022/12/29, 17:44:04.123, 19870126313, vstest.console.dll, ProxyDataCollectionManager.BeforeTestRunStart: SendBeforeTestRunStartAndGetResult successful, env variable from datacollector:   and testhost port: 60538
TpTrace Information: 0 : 13004, 1, 2022/12/29, 17:44:04.123, 19870128349, vstest.console.dll, ProxyDataCollectionManager.InvokeDataCollectionServiceAction: Completed.
TpTrace Verbose: 0 : 13004, 1, 2022/12/29, 17:44:04.124, 19870129920, vstest.console.dll, TestRunRequest.ExecuteAsync: Creating test run request.
TpTrace Verbose: 0 : 13004, 1, 2022/12/29, 17:44:04.124, 19870134477, vstest.console.dll, TestRunRequest.ExecuteAsync: Starting.
TpTrace Information: 0 : 13004, 1, 2022/12/29, 17:44:04.125, 19870140248, vstest.console.dll, TestRunRequest.ExecuteAsync: Starting run with settings:TestRunCriteria:
   KeepAlive=False,FrequencyOfRunStatsChangeEvent=10,RunStatsChangeEventTimeout=00:00:01.5000000,TestCaseFilter=,TestExecutorLauncher=
   Settingsxml=<RunSettings>
  <RunConfiguration>
    <ResultsDirectory>D:\Programming\C#\univer\WebAppNews\WebNewsAppDal.Tests\bin\Debug\net472\fine-code-coverage\coverage-tool-output</ResultsDirectory>
    <TargetPlatform>X86</TargetPlatform>
    <TargetFrameworkVersion>.NETFramework,Version=v4.7.2</TargetFrameworkVersion>
    <DesignMode>False</DesignMode>
    <CollectSourceInformation>False</CollectSourceInformation>
  </RunConfiguration>
  <LoggerRunSettings>
    <Loggers>
      <Logger friendlyName="blame" enabled="True" />
      <Logger friendlyName="Console" uri="logger://microsoft/TestPlatform/ConsoleLogger/v1" assemblyQualifiedName="Microsoft.VisualStudio.TestPlatform.CommandLine.Internal.ConsoleLogger, vstest.console, Version=15.0.0.0, Culture=neutral, PublicKeyToken=b03f5f7f11d50a3a" codeBase="C:\Program Files\dotnet\sdk\6.0.201\vstest.console.dll" enabled="True" />
    </Loggers>
  </LoggerRunSettings>
  <DataCollectionRunSettings>
    <DataCollectors>
      <DataCollector friendlyName="blame" enabled="True">
        <Configuration>
          <ResultsDirectory>D:\Programming\C#\univer\WebAppNews\WebNewsAppDal.Tests\bin\Debug\net472\fine-code-coverage\coverage-tool-output</ResultsDirectory>
        </Configuration>
      </DataCollector>
    </DataCollectors>
  </DataCollectionRunSettings>
</RunSettings>

TpTrace Verbose: 0 : 13004, 1, 2022/12/29, 17:44:04.125, 19870141234, vstest.console.dll, TestRunRequest.ExecuteAsync: Wait for the first run request is over.
TpTrace Verbose: 0 : 13004, 1, 2022/12/29, 17:44:04.126, 19870149834, vstest.console.dll, TestRunRequest:SendTestRunMessage: Starting.
TpTrace Information: 0 : 13004, 1, 2022/12/29, 17:44:04.126, 19870152080, vstest.console.dll, TestRunRequest:SendTestRunMessage: Completed.
TpTrace Verbose: 0 : 13004, 1, 2022/12/29, 17:44:04.126, 19870159201, vstest.console.dll, ProxyExecutionManager: Test host is always Lazy initialize.
TpTrace Verbose: 0 : 13004, 1, 2022/12/29, 17:44:04.127, 19870163497, vstest.console.dll, TestRequestSender.InitializeCommunication: initialize communication. 
TpTrace Information: 0 : 13004, 1, 2022/12/29, 17:44:04.128, 19870172498, vstest.console.dll, SocketServer.Start: Listening on endpoint : 127.0.0.1:60539
TpTrace Verbose: 0 : 13004, 1, 2022/12/29, 17:44:04.135, 19870241720, vstest.console.dll, DefaultTestHostmanager: Full path of TestHost\testhost.net472.x86.exe is C:\Program Files\dotnet\sdk\6.0.201\Extensions\..//TestHost\testhost.net472.x86.exe
TpTrace Verbose: 0 : 13004, 7, 2022/12/29, 17:44:04.136, 19870257743, vstest.console.dll, Launching default test Host Process C:\Program Files\dotnet\sdk\6.0.201\Extensions\..//TestHost\testhost.net472.x86.exe with arguments  --port 60539 --endpoint 127.0.0.1:060539 --role client --parentprocessid 13004 --diag "D:\Programming\C#\univer\WebAppNews\WebNewsAppDal.Tests\bin\Debug\net472\fine-code-coverage\coverage-tool-output\diagnostics.host.22-12-29_17-44-04_12898_1.log" --tracelevel 4 --datacollectionport 60538 --telemetryoptedin false
TpTrace Verbose: 0 : 13004, 7, 2022/12/29, 17:44:04.136, 19870258902, vstest.console.dll, DefaultTestHostManager: Starting process 'C:\Program Files\dotnet\sdk\6.0.201\Extensions\..//TestHost\testhost.net472.x86.exe' with command line ' --port 60539 --endpoint 127.0.0.1:060539 --role client --parentprocessid 13004 --diag "D:\Programming\C#\univer\WebAppNews\WebNewsAppDal.Tests\bin\Debug\net472\fine-code-coverage\coverage-tool-output\diagnostics.host.22-12-29_17-44-04_12898_1.log" --tracelevel 4 --datacollectionport 60538 --telemetryoptedin false'
TpTrace Verbose: 0 : 13004, 7, 2022/12/29, 17:44:04.144, 19870337350, vstest.console.dll, Test Runtime launched
TpTrace Verbose: 0 : 13004, 1, 2022/12/29, 17:44:04.146, 19870350047, vstest.console.dll, TestRequestSender.WaitForRequestHandlerConnection: waiting for connection with timeout: 90000
TpTrace Verbose: 0 : 13004, 7, 2022/12/29, 17:44:04.364, 19872534702, vstest.console.dll, SocketServer.OnClientConnected: Client connected for endPoint: 127.0.0.1:60539, starting MessageLoopAsync:
TpTrace Verbose: 0 : 13004, 13, 2022/12/29, 17:44:04.364, 19872539157, vstest.console.dll, TcpClientExtensions.MessageLoopAsync: Polling on remoteEndPoint: 127.0.0.1:60540 localEndPoint: 127.0.0.1:60539
TpTrace Verbose: 0 : 13004, 1, 2022/12/29, 17:44:04.366, 19872554865, vstest.console.dll, TestRequestSender.CheckVersionWithTestHost: Sending check version message: {"MessageType":"ProtocolVersion","Payload":5}
TpTrace Verbose: 0 : 13004, 13, 2022/12/29, 17:44:04.667, 19875567357, vstest.console.dll, TcpClientExtensions.MessageLoopAsync: NotifyDataAvailable remoteEndPoint: 127.0.0.1:60540 localEndPoint: 127.0.0.1:60539
TpTrace Verbose: 0 : 13004, 13, 2022/12/29, 17:44:04.668, 19875572264, vstest.console.dll, TestRequestSender.CheckVersionWithTestHost: onMessageReceived received message: (ProtocolVersion) -> 5
TpTrace Verbose: 0 : 13004, 13, 2022/12/29, 17:44:04.669, 19875579384, vstest.console.dll, TcpClientExtensions.MessageLoopAsync: Polling on remoteEndPoint: 127.0.0.1:60540 localEndPoint: 127.0.0.1:60539
TpTrace Verbose: 0 : 13004, 1, 2022/12/29, 17:44:04.669, 19875581066, vstest.console.dll, TestPluginCache.GetExtensionPaths: Filtered extension paths: 
TpTrace Verbose: 0 : 13004, 1, 2022/12/29, 17:44:04.669, 19875582264, vstest.console.dll, TestPluginCache.GetExtensionPaths: Added default extension paths: C:\Program Files\dotnet\sdk\6.0.201\Extensions\DumpMinitool.exe
C:\Program Files\dotnet\sdk\6.0.201\Extensions\DumpMinitool.x86.exe
C:\Program Files\dotnet\sdk\6.0.201\Extensions\Microsoft.Diagnostics.NETCore.Client.dll
C:\Program Files\dotnet\sdk\6.0.201\Extensions\Microsoft.TestPlatform.Extensions.BlameDataCollector.dll
C:\Program Files\dotnet\sdk\6.0.201\Extensions\Microsoft.TestPlatform.Extensions.EventLogCollector.dll
C:\Program Files\dotnet\sdk\6.0.201\Extensions\Microsoft.TestPlatform.TestHostRuntimeProvider.dll
C:\Program Files\dotnet\sdk\6.0.201\Extensions\Microsoft.VisualStudio.TestPlatform.Extensions.Html.TestLogger.dll
C:\Program Files\dotnet\sdk\6.0.201\Extensions\Microsoft.VisualStudio.TestPlatform.Extensions.Trx.TestLogger.dll
TpTrace Verbose: 0 : 13004, 1, 2022/12/29, 17:44:04.669, 19875582888, vstest.console.dll, TestPluginCache.GetExtensionPaths: Added unfilterableExtensionPaths: 
TpTrace Verbose: 0 : 13004, 1, 2022/12/29, 17:44:04.676, 19875655848, vstest.console.dll, TestRequestSender.InitializeExecution: Sending initialize execution with message: {"Version":5,"MessageType":"TestExecution.Initialize","Payload":["C:\\Program Files\\dotnet\\sdk\\6.0.201\\Extensions\\DumpMinitool.exe","C:\\Program Files\\dotnet\\sdk\\6.0.201\\Extensions\\DumpMinitool.x86.exe","C:\\Program Files\\dotnet\\sdk\\6.0.201\\Extensions\\Microsoft.Diagnostics.NETCore.Client.dll","C:\\Program Files\\dotnet\\sdk\\6.0.201\\Extensions\\Microsoft.TestPlatform.Extensions.BlameDataCollector.dll","C:\\Program Files\\dotnet\\sdk\\6.0.201\\Extensions\\Microsoft.TestPlatform.Extensions.EventLogCollector.dll","C:\\Program Files\\dotnet\\sdk\\6.0.201\\Extensions\\Microsoft.TestPlatform.TestHostRuntimeProvider.dll","C:\\Program Files\\dotnet\\sdk\\6.0.201\\Extensions\\Microsoft.VisualStudio.TestPlatform.Extensions.Html.TestLogger.dll","C:\\Program Files\\dotnet\\sdk\\6.0.201\\Extensions\\Microsoft.VisualStudio.TestPlatform.Extensions.Trx.TestLogger.dll","D:\\Programming\\C#\\univer\\WebAppNews\\WebNewsAppDal.Tests\\bin\\Debug\\net472\\fine-code-coverage\\build-output\\NUnit3.TestAdapter.dll"]}
TpTrace Warning: 0 : 13004, 1, 2022/12/29, 17:44:04.677, 19875662111, vstest.console.dll, InferRunSettingsHelper.MakeRunsettingsCompatible: Removing the following settings: TargetPlatform from RunSettings file. To use those settings please move to latest version of Microsoft.NET.Test.Sdk
TpTrace Verbose: 0 : 13004, 13, 2022/12/29, 17:44:04.690, 19875790981, vstest.console.dll, TcpClientExtensions.MessageLoopAsync: NotifyDataAvailable remoteEndPoint: 127.0.0.1:60540 localEndPoint: 127.0.0.1:60539
TpTrace Verbose: 0 : 13004, 13, 2022/12/29, 17:44:04.690, 19875793428, vstest.console.dll, TestRequestSender.OnExecutionMessageReceived: Received message: {"Version":5,"MessageType":"TestSession.Message","Payload":{"MessageLevel":0,"Message":"Logging TestHost Diagnostics in file: D:\\Programming\\C#\\univer\\WebAppNews\\WebNewsAppDal.Tests\\bin\\Debug\\net472\\fine-code-coverage\\coverage-tool-output\\diagnostics.host.22-12-29_17-44-04_12898_1.log"}}
TpTrace Verbose: 0 : 13004, 1, 2022/12/29, 17:44:04.692, 19875813994, vstest.console.dll, TestRequestSender.StartTestRun: Sending test run with message: {"Version":5,"MessageType":"TestExecution.StartWithSources","Payload":{"AdapterSourceMap":{"_none_":["D:\\Programming\\C#\\univer\\WebAppNews\\WebNewsAppDal.Tests\\bin\\Debug\\net472\\fine-code-coverage\\build-output\\WebNewsAppDal.Tests.dll"]},"RunSettings":"<RunSettings>\r\n  <RunConfiguration>\r\n    <ResultsDirectory>D:\\Programming\\C#\\univer\\WebAppNews\\WebNewsAppDal.Tests\\bin\\Debug\\net472\\fine-code-coverage\\coverage-tool-output</ResultsDirectory>\r\n    <TargetFrameworkVersion>.NETFramework,Version=v4.7.2</TargetFrameworkVersion>\r\n    <DesignMode>False</DesignMode>\r\n    <CollectSourceInformation>False</CollectSourceInformation>\r\n  </RunConfiguration>\r\n  <LoggerRunSettings>\r\n    <Loggers>\r\n      <Logger friendlyName=\"blame\" enabled=\"True\" />\r\n      <Logger friendlyName=\"Console\" uri=\"logger://microsoft/TestPlatform/ConsoleLogger/v1\" assemblyQualifiedName=\"Microsoft.VisualStudio.TestPlatform.CommandLine.Internal.ConsoleLogger, vstest.console, Version=15.0.0.0, Culture=neutral, PublicKeyToken=b03f5f7f11d50a3a\" codeBase=\"C:\\Program Files\\dotnet\\sdk\\6.0.201\\vstest.console.dll\" enabled=\"True\" />\r\n    </Loggers>\r\n  </LoggerRunSettings>\r\n  <DataCollectionRunSettings>\r\n    <DataCollectors>\r\n      <DataCollector friendlyName=\"blame\" enabled=\"True\">\r\n        <Configuration>\r\n          <ResultsDirectory>D:\\Programming\\C#\\univer\\WebAppNews\\WebNewsAppDal.Tests\\bin\\Debug\\net472\\fine-code-coverage\\coverage-tool-output</ResultsDirectory>\r\n        </Configuration>\r\n      </DataCollector>\r\n    </DataCollectors>\r\n  </DataCollectionRunSettings>\r\n</RunSettings>","TestExecutionContext":{"FrequencyOfRunStatsChangeEvent":10,"RunStatsChangeEventTimeout":"00:00:01.5000000","InIsolation":false,"KeepAlive":false,"AreTestCaseLevelEventsRequired":false,"IsDebug":false,"TestCaseFilter":null,"FilterOptions":null},"Package":null}}
TpTrace Information: 0 : 13004, 1, 2022/12/29, 17:44:04.692, 19875816411, vstest.console.dll, TestRunRequest.ExecuteAsync: Started.
TpTrace Verbose: 0 : 13004, 1, 2022/12/29, 17:44:04.692, 19875818016, vstest.console.dll, TestRunRequest.WaitForCompletion: Waiting with timeout -1.
TpTrace Verbose: 0 : 13004, 13, 2022/12/29, 17:44:04.693, 19875826638, vstest.console.dll, TestRunRequest:SendTestRunMessage: Starting.
TpTrace Information: 0 : 13004, 13, 2022/12/29, 17:44:04.693, 19875828001, vstest.console.dll, TestRunRequest:SendTestRunMessage: Completed.
TpTrace Verbose: 0 : 13004, 13, 2022/12/29, 17:44:04.693, 19875828645, vstest.console.dll, TcpClientExtensions.MessageLoopAsync: Polling on remoteEndPoint: 127.0.0.1:60540 localEndPoint: 127.0.0.1:60539
TpTrace Verbose: 0 : 13004, 13, 2022/12/29, 17:44:05.201, 19880904961, vstest.console.dll, TcpClientExtensions.MessageLoopAsync: NotifyDataAvailable remoteEndPoint: 127.0.0.1:60540 localEndPoint: 127.0.0.1:60539
TpTrace Verbose: 0 : 13004, 13, 2022/12/29, 17:44:05.201, 19880906862, vstest.console.dll, TestRequestSender.OnExecutionMessageReceived: Received message: {"Version":5,"MessageType":"TestSession.Message","Payload":{"MessageLevel":0,"Message":"NUnit Adapter 3.16.1.0: Test execution started"}}
TpTrace Verbose: 0 : 13004, 13, 2022/12/29, 17:44:05.202, 19880910083, vstest.console.dll, TestRunRequest:SendTestRunMessage: Starting.
TpTrace Information: 0 : 13004, 13, 2022/12/29, 17:44:05.202, 19880910965, vstest.console.dll, TestRunRequest:SendTestRunMessage: Completed.
TpTrace Verbose: 0 : 13004, 13, 2022/12/29, 17:44:05.202, 19880911474, vstest.console.dll, TcpClientExtensions.MessageLoopAsync: Polling on remoteEndPoint: 127.0.0.1:60540 localEndPoint: 127.0.0.1:60539
TpTrace Verbose: 0 : 13004, 13, 2022/12/29, 17:44:05.275, 19881644697, vstest.console.dll, TcpClientExtensions.MessageLoopAsync: NotifyDataAvailable remoteEndPoint: 127.0.0.1:60540 localEndPoint: 127.0.0.1:60539
TpTrace Verbose: 0 : 13004, 13, 2022/12/29, 17:44:05.275, 19881646713, vstest.console.dll, TestRequestSender.OnExecutionMessageReceived: Received message: {"Version":5,"MessageType":"TestSession.Message","Payload":{"MessageLevel":0,"Message":"Running all tests in D:\\Programming\\C#\\univer\\WebAppNews\\WebNewsAppDal.Tests\\bin\\Debug\\net472\\fine-code-coverage\\build-output\\WebNewsAppDal.Tests.dll"}}
TpTrace Verbose: 0 : 13004, 13, 2022/12/29, 17:44:05.276, 19881649454, vstest.console.dll, TestRunRequest:SendTestRunMessage: Starting.
TpTrace Information: 0 : 13004, 13, 2022/12/29, 17:44:05.276, 19881650345, vstest.console.dll, TestRunRequest:SendTestRunMessage: Completed.
TpTrace Verbose: 0 : 13004, 13, 2022/12/29, 17:44:05.276, 19881650853, vstest.console.dll, TcpClientExtensions.MessageLoopAsync: Polling on remoteEndPoint: 127.0.0.1:60540 localEndPoint: 127.0.0.1:60539
TpTrace Verbose: 0 : 13004, 13, 2022/12/29, 17:44:05.948, 19888375422, vstest.console.dll, TcpClientExtensions.MessageLoopAsync: NotifyDataAvailable remoteEndPoint: 127.0.0.1:60540 localEndPoint: 127.0.0.1:60539
TpTrace Verbose: 0 : 13004, 13, 2022/12/29, 17:44:05.948, 19888377716, vstest.console.dll, TestRequestSender.OnExecutionMessageReceived: Received message: {"Version":5,"MessageType":"TestSession.Message","Payload":{"MessageLevel":0,"Message":"   NUnit3TestExecutor converted 1 of 1 NUnit test cases"}}
TpTrace Verbose: 0 : 13004, 13, 2022/12/29, 17:44:05.949, 19888381091, vstest.console.dll, TestRunRequest:SendTestRunMessage: Starting.
TpTrace Information: 0 : 13004, 13, 2022/12/29, 17:44:05.949, 19888382180, vstest.console.dll, TestRunRequest:SendTestRunMessage: Completed.
TpTrace Verbose: 0 : 13004, 13, 2022/12/29, 17:44:05.949, 19888382846, vstest.console.dll, TcpClientExtensions.MessageLoopAsync: Polling on remoteEndPoint: 127.0.0.1:60540 localEndPoint: 127.0.0.1:60539
TpTrace Verbose: 0 : 13004, 13, 2022/12/29, 17:44:06.818, 19897077448, vstest.console.dll, TcpClientExtensions.MessageLoopAsync: NotifyDataAvailable remoteEndPoint: 127.0.0.1:60540 localEndPoint: 127.0.0.1:60539
TpTrace Verbose: 0 : 13004, 13, 2022/12/29, 17:44:06.819, 19897080420, vstest.console.dll, TestRequestSender.OnExecutionMessageReceived: Received message: {"Version":5,"MessageType":"TestExecution.StatsChange","Payload":{"NewTestResults":[],"TestRunStatistics":{"ExecutedTests":0,"Stats":{}},"ActiveTests":[{"Id":"cb3acace-7c03-b760-fb64-144f3a5a73b0","FullyQualifiedName":"WebNewsAppDal.Tests.Tests.Test1","DisplayName":"Test1","ExecutorUri":"executor://NUnit3TestExecutor","Source":"D:\\Programming\\C#\\univer\\WebAppNews\\WebNewsAppDal.Tests\\bin\\Debug\\net472\\fine-code-coverage\\build-output\\WebNewsAppDal.Tests.dll","CodeFilePath":null,"LineNumber":0,"Properties":[]}]}}
TpTrace Verbose: 0 : 13004, 13, 2022/12/29, 17:44:06.840, 19897294393, vstest.console.dll, TestRunRequest:SendTestRunStatsChange: Starting.
TpTrace Verbose: 0 : 13004, 13, 2022/12/29, 17:44:06.840, 19897296528, vstest.console.dll, InProgress is Test1
TpTrace Information: 0 : 13004, 13, 2022/12/29, 17:44:06.840, 19897297936, vstest.console.dll, TestRunRequest:SendTestRunStatsChange: Completed.
TpTrace Verbose: 0 : 13004, 13, 2022/12/29, 17:44:06.840, 19897298550, vstest.console.dll, TcpClientExtensions.MessageLoopAsync: Polling on remoteEndPoint: 127.0.0.1:60540 localEndPoint: 127.0.0.1:60539
TpTrace Verbose: 0 : 13004, 13, 2022/12/29, 17:44:07.845, 19907345558, vstest.console.dll, TcpClientExtensions.MessageLoopAsync: Polling on remoteEndPoint: 127.0.0.1:60540 localEndPoint: 127.0.0.1:60539
TpTrace Verbose: 0 : 13004, 13, 2022/12/29, 17:44:08.854, 19917430004, vstest.console.dll, TcpClientExtensions.MessageLoopAsync: Polling on remoteEndPoint: 127.0.0.1:60540 localEndPoint: 127.0.0.1:60539
TpTrace Verbose: 0 : 13004, 13, 2022/12/29, 17:44:09.864, 19927535737, vstest.console.dll, TcpClientExtensions.MessageLoopAsync: Polling on remoteEndPoint: 127.0.0.1:60540 localEndPoint: 127.0.0.1:60539
TpTrace Verbose: 0 : 13004, 13, 2022/12/29, 17:44:10.871, 19937604585, vstest.console.dll, TcpClientExtensions.MessageLoopAsync: Polling on remoteEndPoint: 127.0.0.1:60540 localEndPoint: 127.0.0.1:60539
TpTrace Verbose: 0 : 13004, 13, 2022/12/29, 17:44:11.880, 19947691359, vstest.console.dll, TcpClientExtensions.MessageLoopAsync: Polling on remoteEndPoint: 127.0.0.1:60540 localEndPoint: 127.0.0.1:60539
TpTrace Verbose: 0 : 13004, 13, 2022/12/29, 17:44:12.887, 19957763094, vstest.console.dll, TcpClientExtensions.MessageLoopAsync: Polling on remoteEndPoint: 127.0.0.1:60540 localEndPoint: 127.0.0.1:60539
TpTrace Verbose: 0 : 13004, 13, 2022/12/29, 17:44:12.897, 19957866114, vstest.console.dll, TcpClientExtensions.MessageLoopAsync: NotifyDataAvailable remoteEndPoint: 127.0.0.1:60540 localEndPoint: 127.0.0.1:60539
TpTrace Verbose: 0 : 13004, 13, 2022/12/29, 17:44:12.898, 19957869449, vstest.console.dll, TestRequestSender.OnExecutionMessageReceived: Received message: {"Version":5,"MessageType":"TestExecution.StatsChange","Payload":{"NewTestResults":[{"TestCase":{"Id":"cb3acace-7c03-b760-fb64-144f3a5a73b0","FullyQualifiedName":"WebNewsAppDal.Tests.Tests.Test1","DisplayName":"Test1","ExecutorUri":"executor://NUnit3TestExecutor","Source":"D:\\Programming\\C#\\univer\\WebAppNews\\WebNewsAppDal.Tests\\bin\\Debug\\net472\\fine-code-coverage\\build-output\\WebNewsAppDal.Tests.dll","CodeFilePath":null,"LineNumber":0,"Properties":[]},"Attachments":[],"Outcome":2,"ErrorMessage":"Expected users not to be empty.","ErrorStackTrace":"   в FluentAssertions.Execution.LateBoundTestFramework.Throw(String message)\r\n   в FluentAssertions.Execution.TestFrameworkProvider.Throw(String message)\r\n   в FluentAssertions.Execution.DefaultAssertionStrategy.HandleFailure(String message)\r\n   в FluentAssertions.Execution.AssertionScope.FailWith(Func`1 failReasonFunc)\r\n   в FluentAssertions.Execution.AssertionScope.FailWith(Func`1 failReasonFunc)\r\n   в FluentAssertions.Execution.AssertionScope.FailWith(String message, Object[] args)\r\n   в FluentAssertions.Execution.GivenSelector`1.FailWith(String message, Object[] args)\r\n   в FluentAssertions.Collections.GenericCollectionAssertions`3.NotBeEmpty(String because, Object[] becauseArgs)\r\n   в FluentAssertions.Collections.GenericCollectionAssertions`3.NotBeNullOrEmpty(String because, Object[] becauseArgs)\r\n   в WebNewsAppDal.Tests.Tests.Test1() в D:\\Programming\\C#\\univer\\WebAppNews\\WebNewsAppDal.Tests\\UnitTest1.cs:строка 20\r\n","DisplayName":"Test1","Messages":[],"ComputerName":"ALEX","Duration":"00:00:05.5600000","StartTime":"2022-12-29T15:44:06+00:00","EndTime":"2022-12-29T15:44:12+00:00","Properties":[]}],"TestRunStatistics":{"ExecutedTests":1,"Stats":{"Failed":1}},"ActiveTests":[]}}
TpTrace Verbose: 0 : 13004, 13, 2022/12/29, 17:44:12.913, 19958027540, vstest.console.dll, TestRunRequest:SendTestRunStatsChange: Starting.
TpTrace Information: 0 : 13004, 13, 2022/12/29, 17:44:12.914, 19958030636, vstest.console.dll, TestRunRequest:SendTestRunStatsChange: Completed.
TpTrace Verbose: 0 : 13004, 13, 2022/12/29, 17:44:12.914, 19958031427, vstest.console.dll, TcpClientExtensions.MessageLoopAsync: Polling on remoteEndPoint: 127.0.0.1:60540 localEndPoint: 127.0.0.1:60539
TpTrace Verbose: 0 : 13004, 13, 2022/12/29, 17:44:13.922, 19968114091, vstest.console.dll, TcpClientExtensions.MessageLoopAsync: Polling on remoteEndPoint: 127.0.0.1:60540 localEndPoint: 127.0.0.1:60539
TpTrace Verbose: 0 : 13004, 13, 2022/12/29, 17:44:14.061, 19969502506, vstest.console.dll, TcpClientExtensions.MessageLoopAsync: NotifyDataAvailable remoteEndPoint: 127.0.0.1:60540 localEndPoint: 127.0.0.1:60539
TpTrace Verbose: 0 : 13004, 13, 2022/12/29, 17:44:14.061, 19969504697, vstest.console.dll, TestRequestSender.OnExecutionMessageReceived: Received message: {"Version":5,"MessageType":"TestSession.Message","Payload":{"MessageLevel":0,"Message":"NUnit Adapter 3.16.1.0: Test execution complete"}}
TpTrace Verbose: 0 : 13004, 13, 2022/12/29, 17:44:14.061, 19969507323, vstest.console.dll, TestRunRequest:SendTestRunMessage: Starting.
TpTrace Information: 0 : 13004, 13, 2022/12/29, 17:44:14.061, 19969508148, vstest.console.dll, TestRunRequest:SendTestRunMessage: Completed.
TpTrace Verbose: 0 : 13004, 13, 2022/12/29, 17:44:14.061, 19969508759, vstest.console.dll, TcpClientExtensions.MessageLoopAsync: Polling on remoteEndPoint: 127.0.0.1:60540 localEndPoint: 127.0.0.1:60539
TpTrace Verbose: 0 : 13004, 13, 2022/12/29, 17:44:14.094, 19969838777, vstest.console.dll, TcpClientExtensions.MessageLoopAsync: NotifyDataAvailable remoteEndPoint: 127.0.0.1:60540 localEndPoint: 127.0.0.1:60539
TpTrace Verbose: 0 : 13004, 13, 2022/12/29, 17:44:14.095, 19969840524, vstest.console.dll, TestRequestSender.OnExecutionMessageReceived: Received message: {"Version":5,"MessageType":"TestExecution.Completed","Payload":{"TestRunCompleteArgs":{"TestRunStatistics":{"ExecutedTests":1,"Stats":{"Failed":1}},"IsCanceled":false,"IsAborted":false,"Error":null,"AttachmentSets":[],"ElapsedTimeInRunningTests":"00:00:08.9071391","Metrics":{}},"LastRunTests":{"NewTestResults":[],"TestRunStatistics":{"ExecutedTests":1,"Stats":{"Failed":1}},"ActiveTests":[]},"RunAttachments":[],"ExecutorUris":["executor://nunit3testexecutor/"]}}
TpTrace Verbose: 0 : 13004, 13, 2022/12/29, 17:44:14.095, 19969843237, vstest.console.dll, TestRequestSender.EndSession: Sending end session.
TpTrace Verbose: 0 : 13004, 13, 2022/12/29, 17:44:14.095, 19969845227, vstest.console.dll, ProxyOperationManager.Close: waiting for test host to exit for 100 ms
TpTrace Warning: 0 : 13004, 12, 2022/12/29, 17:44:14.107, 19969965318, vstest.console.dll, TestHostManagerCallbacks.ErrorReceivedCallback Test host standard error line: 
TpTrace Verbose: 0 : 13004, 5, 2022/12/29, 17:44:14.125, 19970141458, vstest.console.dll, TestHostProvider.ExitCallBack: Host exited starting callback.
TpTrace Information: 0 : 13004, 5, 2022/12/29, 17:44:14.126, 19970153282, vstest.console.dll, TestHostManagerCallbacks.ExitCallBack: Testhost processId: 1020 exited with exitcode: 0 error: ''
TpTrace Verbose: 0 : 13004, 5, 2022/12/29, 17:44:14.126, 19970155390, vstest.console.dll, CrossPlatEngine.TestHostManagerHostExited: calling on client process exit callback.
TpTrace Information: 0 : 13004, 5, 2022/12/29, 17:44:14.126, 19970156761, vstest.console.dll, TestRequestSender.OnClientProcessExit: Test host process exited. Standard error: 
TpTrace Information: 0 : 13004, 13, 2022/12/29, 17:44:14.126, 19970157437, vstest.console.dll, SocketServer.Stop: Stop server endPoint: 127.0.0.1:60539
TpTrace Information: 0 : 13004, 5, 2022/12/29, 17:44:14.126, 19970157664, vstest.console.dll, SocketServer.Stop: Stop server endPoint: 127.0.0.1:60539
TpTrace Information: 0 : 13004, 5, 2022/12/29, 17:44:14.127, 19970160289, vstest.console.dll, SocketServer.Stop: Cancellation requested. Stopping message loop.
TpTrace Information: 0 : 13004, 13, 2022/12/29, 17:44:14.126, 19970159107, vstest.console.dll, SocketServer.Stop: Cancellation requested. Stopping message loop.
TpTrace Information: 0 : 13004, 13, 2022/12/29, 17:44:14.127, 19970162448, vstest.console.dll, Closing the connection
TpTrace Warning: 0 : 13004, 13, 2022/12/29, 17:44:14.127, 19970163340, vstest.console.dll, ProxyOperationManager: Timed out waiting for test host to exit. Will terminate process.
TpTrace Verbose: 0 : 13004, 13, 2022/12/29, 17:44:14.128, 19970171132, vstest.console.dll, ProxyDataCollectionManager.InvokeDataCollectionServiceAction: Starting.
TpTrace Information: 0 : 13004, 13, 2022/12/29, 17:44:14.128, 19970172072, vstest.console.dll, ProxyDataCollectionManager.AfterTestRunEnd: Get attachment set for datacollector processId: 14564 port: 60536
TpTrace Verbose: 0 : 13004, 13, 2022/12/29, 17:44:14.128, 19970173226, vstest.console.dll, DataCollectionRequestSender.SendAfterTestRunStartAndGetResult : Send AfterTestRunEnd message with isCancelled: False
TpTrace Verbose: 0 : 13004, 13, 2022/12/29, 17:44:14.135, 19970242881, vstest.console.dll, DataCollectionRequestSender.SendAfterTestRunStartAndGetResult : Received message: (DataCollection.AfterTestRunEndResult) -> {
  "AttachmentSets": [],
  "Metrics": {}
}
TpTrace Information: 0 : 13004, 13, 2022/12/29, 17:44:14.140, 19970293586, vstest.console.dll, ProxyDataCollectionManager.InvokeDataCollectionServiceAction: Completed.
TpTrace Warning: 0 : 13004, 9, 2022/12/29, 17:44:14.142, 19970312167, vstest.console.dll, DataCollectionLauncher.ErrorReceivedCallback datacollector standard error line: 
TpTrace Information: 0 : 13004, 5, 2022/12/29, 17:44:14.152, 19970415734, vstest.console.dll, DataCollectionLauncher.ExitCallBack: Data collector exited with exitcode: 0 error: ''
TpTrace Verbose: 0 : 13004, 13, 2022/12/29, 17:44:14.182, 19970719072, vstest.console.dll, TestRunRequest:TestRunComplete: Starting. IsAborted:False IsCanceled:False.
TpTrace Verbose: 0 : 13004, 13, 2022/12/29, 17:44:14.183, 19970720875, vstest.console.dll, TestRequestSender.EndSession: Sending end session.
TpTrace Error: 0 : 13004, 13, 2022/12/29, 17:44:14.190, 19970795155, vstest.console.dll, LengthPrefixCommunicationChannel.Send: Error sending data: System.IO.IOException: Unable to write data to the transport connection: Удаленный хост принудительно разорвал существующее подключение..
 ---> System.Net.Sockets.SocketException (10054): Удаленный хост принудительно разорвал существующее подключение.
   at System.Net.Sockets.NetworkStream.Write(Byte[] buffer, Int32 offset, Int32 count)
   --- End of inner exception stack trace ---
   at System.Net.Sockets.NetworkStream.Write(Byte[] buffer, Int32 offset, Int32 count)
   at System.IO.BufferedStream.Flush()
   at System.IO.BinaryWriter.Flush()
   at Microsoft.VisualStudio.TestPlatform.CommunicationUtilities.LengthPrefixCommunicationChannel.Send(String data).
TpTrace Warning: 0 : 13004, 13, 2022/12/29, 17:44:14.193, 19970820602, vstest.console.dll, ProxyOperationManager: Failed to end session: Microsoft.VisualStudio.TestPlatform.CommunicationUtilities.Interfaces.CommunicationException: Unable to send data over channel.
 ---> System.IO.IOException: Unable to write data to the transport connection: Удаленный хост принудительно разорвал существующее подключение..
 ---> System.Net.Sockets.SocketException (10054): Удаленный хост принудительно разорвал существующее подключение.
   at System.Net.Sockets.NetworkStream.Write(Byte[] buffer, Int32 offset, Int32 count)
   --- End of inner exception stack trace ---
   at System.Net.Sockets.NetworkStream.Write(Byte[] buffer, Int32 offset, Int32 count)
   at System.IO.BufferedStream.Flush()
   at System.IO.BinaryWriter.Flush()
   at Microsoft.VisualStudio.TestPlatform.CommunicationUtilities.LengthPrefixCommunicationChannel.Send(String data)
   --- End of inner exception stack trace ---
   at Microsoft.VisualStudio.TestPlatform.CommunicationUtilities.LengthPrefixCommunicationChannel.Send(String data)
   at Microsoft.VisualStudio.TestPlatform.CommunicationUtilities.TestRequestSender.EndSession()
   at Microsoft.VisualStudio.TestPlatform.CrossPlatEngine.Client.ProxyOperationManager.Close()
TpTrace Warning: 0 : 13004, 13, 2022/12/29, 17:44:14.193, 19970821834, vstest.console.dll, ProxyOperationManager: Timed out waiting for test host to exit. Will terminate process.
TpTrace Warning: 0 : 13004, 13, 2022/12/29, 17:44:14.193, 19970827423, vstest.console.dll, TestLoggerManager.HandleTestRunStatsChange: Ignoring as the object is disposed.
TpTrace Verbose: 0 : 13004, 13, 2022/12/29, 17:44:14.193, 19970829024, vstest.console.dll, TestLoggerManager.HandleTestRunComplete: Ignoring as the object is disposed.
TpTrace Information: 0 : 13004, 13, 2022/12/29, 17:44:14.195, 19970847882, vstest.console.dll, TestRunRequest:TestRunComplete: Completed.
TpTrace Verbose: 0 : 13004, 1, 2022/12/29, 17:44:14.195, 19970849031, vstest.console.dll, TestRunRequest.Dispose: Starting.
TpTrace Verbose: 0 : 13004, 13, 2022/12/29, 17:44:14.195, 19970849163, vstest.console.dll, TestRequestSender.SetOperationComplete: Setting operation complete.
TpTrace Information: 0 : 13004, 13, 2022/12/29, 17:44:14.196, 19970850922, vstest.console.dll, SocketServer.Stop: Stop server endPoint: 127.0.0.1:60539
TpTrace Information: 0 : 13004, 13, 2022/12/29, 17:44:14.196, 19970851646, vstest.console.dll, SocketServer.Stop: Cancellation requested. Stopping message loop.
TpTrace Information: 0 : 13004, 1, 2022/12/29, 17:44:14.196, 19970850153, vstest.console.dll, TestRunRequest.Dispose: Completed.
TpTrace Information: 0 : 13004, 13, 2022/12/29, 17:44:14.196, 19970852548, vstest.console.dll, SocketServer.PrivateStop: Stopping server endPoint: 127.0.0.1:60539 error: 
TpTrace Information: 0 : 13004, 1, 2022/12/29, 17:44:14.196, 19970853821, vstest.console.dll, TestRequestManager.RunTests: run tests completed.
TpTrace Information: 0 : 13004, 1, 2022/12/29, 17:44:14.196, 19970855586, vstest.console.dll, RunTestsArgumentProcessor:Execute: Test run is completed.
TpTrace Verbose: 0 : 13004, 1, 2022/12/29, 17:44:14.196, 19970858436, vstest.console.dll, Executor.Execute: Exiting with exit code of 1
TpTrace Verbose: 0 : 13004, 13, 2022/12/29, 17:44:14.197, 19970861017, vstest.console.dll, LengthPrefixCommunicationChannel.Dispose: Dispose reader and writer.
