<?xml version="1.0" encoding="utf-8"?>
<!DOCTYPE coverage SYSTEM "http://cobertura.sourceforge.net/xml/coverage-04.dtd">
<coverage line-rate="0" branch-rate="1" lines-covered="0" lines-valid="7" branches-covered="0" branches-valid="0" complexity="2" version="0" timestamp="1672335287">
  <sources />
  <packages>
    <package name="Dal.Tests" line-rate="0" branch-rate="1" complexity="2">
      <classes>
        <class name="Dal.Tests.UnitTest1" filename="D:\Programming\C#\univer\WebAppNews\Dal.Tests\UnitTest1.cs" line-rate="0" branch-rate="1" complexity="2">
          <methods>
            <method name="SetUp" signature="()" line-rate="0" branch-rate="1" complexity="1">
              <lines>
                <line number="14" hits="0" branch="false" />
                <line number="15" hits="0" branch="false" />
                <line number="16" hits="0" branch="false" />
              </lines>
            </method>
            <method name="TestMethod1" signature="()" line-rate="0" branch-rate="1" complexity="1">
              <lines>
                <line number="20" hits="0" branch="false" />
                <line number="21" hits="0" branch="false" />
                <line number="22" hits="0" branch="false" />
                <line number="23" hits="0" branch="false" />
              </lines>
            </method>
          </methods>
          <lines>
            <line number="14" hits="0" branch="false" />
            <line number="15" hits="0" branch="false" />
            <line number="16" hits="0" branch="false" />
            <line number="20" hits="0" branch="false" />
            <line number="21" hits="0" branch="false" />
            <line number="22" hits="0" branch="false" />
            <line number="23" hits="0" branch="false" />
          </lines>
        </class>
      </classes>
    </package>
  </packages>
</coverage>